<?xml version="1.0" encoding="UTF-8"?>
<testng-results ignored="0" total="2" passed="2" failed="0" skipped="0">
  <reporter-output>
  </reporter-output>
  <suite started-at="2021-06-23T20:08:00 IST" name="Suite" finished-at="2021-06-23T20:08:18 IST" duration-ms="18630">
    <groups>
    </groups>
    <test started-at="2021-06-23T20:08:00 IST" name="Test" finished-at="2021-06-23T20:08:18 IST" duration-ms="18630">
      <class name="tests.LoginTest">
        <test-method is-config="true" signature="initializeBrowser()[pri:0, instance:tests.LoginTest@3f200884]" started-at="2021-06-23T20:08:00 IST" name="initializeBrowser" finished-at="2021-06-23T20:08:05 IST" duration-ms="5374" status="PASS">
          <reporter-output>
          </reporter-output>
        </test-method> <!-- initializeBrowser -->
        <test-method signature="modifyPersonalDetails()[pri:0, instance:tests.LoginTest@3f200884]" started-at="2021-06-23T20:08:05 IST" name="modifyPersonalDetails" finished-at="2021-06-23T20:08:16 IST" duration-ms="10782" status="PASS">
          <reporter-output>
          </reporter-output>
        </test-method> <!-- modifyPersonalDetails -->
        <test-method signature="verifyTitle()[pri:0, instance:tests.LoginTest@3f200884]" started-at="2021-06-23T20:08:16 IST" name="verifyTitle" finished-at="2021-06-23T20:08:18 IST" duration-ms="1915" status="PASS">
          <reporter-output>
          </reporter-output>
        </test-method> <!-- verifyTitle -->
        <test-method is-config="true" signature="tearDown()[pri:0, instance:tests.LoginTest@3f200884]" started-at="2021-06-23T20:08:18 IST" name="tearDown" finished-at="2021-06-23T20:08:18 IST" duration-ms="488" status="PASS">
          <reporter-output>
          </reporter-output>
        </test-method> <!-- tearDown -->
      </class> <!-- tests.LoginTest -->
    </test> <!-- Test -->
  </suite> <!-- Suite -->
</testng-results>
