<?xml version="1.0" encoding="UTF-8"?>
<testng-results ignored="0" total="1" passed="1" failed="0" skipped="0">
  <reporter-output>
  </reporter-output>
  <suite started-at="2021-06-24T12:57:58 IST" name="Default suite" finished-at="2021-06-24T12:57:58 IST" duration-ms="78">
    <groups>
    </groups>
    <test started-at="2021-06-24T12:57:58 IST" name="Default test" finished-at="2021-06-24T12:57:58 IST" duration-ms="78">
      <class name="utils.ExcelReadUtil">
        <test-method signature="compareSheets()[pri:0, instance:utils.ExcelReadUtil@6f8e8894]" started-at="2021-06-24T12:57:58 IST" name="compareSheets" finished-at="2021-06-24T12:57:58 IST" duration-ms="51" status="PASS">
          <reporter-output>
          </reporter-output>
        </test-method> <!-- compareSheets -->
      </class> <!-- utils.ExcelReadUtil -->
    </test> <!-- Default test -->
  </suite> <!-- Default suite -->
</testng-results>
